2010-08-15 12:50:28 Debug: Notice (8): Undefined offset: 4 in [C:\xampp\htdocs\NewMax\app\views\visits\calendar.ctp, line 62]
2010-08-15 12:50:28 Debug: Notice (8): Undefined offset: 4 in [C:\xampp\htdocs\NewMax\app\views\visits\calendar.ctp, line 62]
2010-08-15 12:50:28 Debug: Notice (8): Undefined offset: 4 in [C:\xampp\htdocs\NewMax\app\views\visits\calendar.ctp, line 62]
2010-08-15 12:50:28 Debug: Notice (8): Undefined offset: 4 in [C:\xampp\htdocs\NewMax\app\views\visits\calendar.ctp, line 62]
2010-08-15 12:50:28 Debug: Notice (8): Undefined offset: 4 in [C:\xampp\htdocs\NewMax\app\views\visits\calendar.ctp, line 62]
2010-08-15 12:50:28 Debug: Notice (8): Undefined offset: 4 in [C:\xampp\htdocs\NewMax\app\views\visits\calendar.ctp, line 62]
2010-08-15 12:50:28 Debug: Notice (8): Undefined offset: 4 in [C:\xampp\htdocs\NewMax\app\views\visits\calendar.ctp, line 62]
2010-08-15 12:50:28 Debug: Notice (8): Undefined offset: 4 in [C:\xampp\htdocs\NewMax\app\views\visits\calendar.ctp, line 62]
2010-08-15 12:50:28 Debug: Notice (8): Undefined offset: 4 in [C:\xampp\htdocs\NewMax\app\views\visits\calendar.ctp, line 62]
2010-08-15 12:50:28 Debug: Notice (8): Undefined offset: 4 in [C:\xampp\htdocs\NewMax\app\views\visits\calendar.ctp, line 62]
2010-08-15 12:50:28 Debug: Notice (8): Undefined offset: 4 in [C:\xampp\htdocs\NewMax\app\views\visits\calendar.ctp, line 62]
2010-08-15 12:50:28 Debug: Notice (8): Undefined offset: 4 in [C:\xampp\htdocs\NewMax\app\views\visits\calendar.ctp, line 62]
2010-08-15 12:51:34 Debug: Notice (8): Undefined offset: 4 in [C:\xampp\htdocs\NewMax\app\views\visits\calendar.ctp, line 62]
2010-08-15 12:51:34 Debug: Notice (8): Undefined offset: 4 in [C:\xampp\htdocs\NewMax\app\views\visits\calendar.ctp, line 62]
2010-08-15 12:51:34 Debug: Notice (8): Undefined offset: 4 in [C:\xampp\htdocs\NewMax\app\views\visits\calendar.ctp, line 62]
2010-08-15 12:51:34 Debug: Notice (8): Undefined offset: 4 in [C:\xampp\htdocs\NewMax\app\views\visits\calendar.ctp, line 62]
2010-08-15 12:51:34 Debug: Notice (8): Undefined offset: 4 in [C:\xampp\htdocs\NewMax\app\views\visits\calendar.ctp, line 62]
2010-08-15 12:51:34 Debug: Notice (8): Undefined offset: 4 in [C:\xampp\htdocs\NewMax\app\views\visits\calendar.ctp, line 62]
2010-08-15 12:51:34 Debug: Notice (8): Undefined offset: 4 in [C:\xampp\htdocs\NewMax\app\views\visits\calendar.ctp, line 62]
2010-08-15 12:51:34 Debug: Notice (8): Undefined offset: 4 in [C:\xampp\htdocs\NewMax\app\views\visits\calendar.ctp, line 62]
2010-08-15 12:51:34 Debug: Notice (8): Undefined offset: 4 in [C:\xampp\htdocs\NewMax\app\views\visits\calendar.ctp, line 62]
2010-08-15 12:51:34 Debug: Notice (8): Undefined offset: 4 in [C:\xampp\htdocs\NewMax\app\views\visits\calendar.ctp, line 62]
2010-08-15 12:51:34 Debug: Notice (8): Undefined offset: 4 in [C:\xampp\htdocs\NewMax\app\views\visits\calendar.ctp, line 62]
2010-08-15 12:51:34 Debug: Notice (8): Undefined offset: 4 in [C:\xampp\htdocs\NewMax\app\views\visits\calendar.ctp, line 62]
2010-08-16 23:06:01 Debug: Notice (8): Undefined index: User in [C:\xampp\htdocs\NewMax\app\views\visits\index.ctp, line 23]
2010-08-16 23:06:01 Debug: Notice (8): Undefined index: User in [C:\xampp\htdocs\NewMax\app\views\visits\index.ctp, line 23]
2010-08-16 23:06:01 Debug: Notice (8): Undefined index: User in [C:\xampp\htdocs\NewMax\app\views\visits\index.ctp, line 23]
2010-08-16 23:06:01 Debug: Notice (8): Undefined index: User in [C:\xampp\htdocs\NewMax\app\views\visits\index.ctp, line 23]
2010-08-16 23:06:02 Debug: Notice (8): Undefined index: User in [C:\xampp\htdocs\NewMax\app\views\visits\index.ctp, line 23]
2010-08-16 23:06:02 Debug: Notice (8): Undefined index: User in [C:\xampp\htdocs\NewMax\app\views\visits\index.ctp, line 23]
2010-08-16 23:06:02 Debug: Notice (8): Undefined index: User in [C:\xampp\htdocs\NewMax\app\views\visits\index.ctp, line 23]
2010-08-16 23:06:02 Debug: Notice (8): Undefined index: User in [C:\xampp\htdocs\NewMax\app\views\visits\index.ctp, line 23]
2010-08-16 23:06:03 Debug: Notice (8): Undefined index: User in [C:\xampp\htdocs\NewMax\app\views\visits\index.ctp, line 23]
2010-08-16 23:06:03 Debug: Notice (8): Undefined index: User in [C:\xampp\htdocs\NewMax\app\views\visits\index.ctp, line 23]
2010-08-16 23:06:03 Debug: Notice (8): Undefined index: User in [C:\xampp\htdocs\NewMax\app\views\visits\index.ctp, line 23]
2010-08-16 23:06:03 Debug: Notice (8): Undefined index: User in [C:\xampp\htdocs\NewMax\app\views\visits\index.ctp, line 23]
2010-08-16 23:08:06 Debug: Notice (8): Undefined index: User in [C:\xampp\htdocs\NewMax\app\views\visits\index.ctp, line 23]
2010-08-16 23:08:06 Debug: Notice (8): Undefined index: User in [C:\xampp\htdocs\NewMax\app\views\visits\index.ctp, line 23]
2010-08-16 23:08:06 Debug: Notice (8): Undefined index: User in [C:\xampp\htdocs\NewMax\app\views\visits\index.ctp, line 23]
2010-08-16 23:08:06 Debug: Notice (8): Undefined index: User in [C:\xampp\htdocs\NewMax\app\views\visits\index.ctp, line 23]
2010-08-16 23:08:07 Debug: Notice (8): Undefined index: User in [C:\xampp\htdocs\NewMax\app\views\visits\index.ctp, line 23]
2010-08-16 23:08:07 Debug: Notice (8): Undefined index: User in [C:\xampp\htdocs\NewMax\app\views\visits\index.ctp, line 23]
2010-08-16 23:08:07 Debug: Notice (8): Undefined index: User in [C:\xampp\htdocs\NewMax\app\views\visits\index.ctp, line 23]
2010-08-16 23:08:07 Debug: Notice (8): Undefined index: User in [C:\xampp\htdocs\NewMax\app\views\visits\index.ctp, line 23]
2010-08-16 23:08:07 Debug: Notice (8): Undefined index: User in [C:\xampp\htdocs\NewMax\app\views\visits\index.ctp, line 23]
2010-08-16 23:08:07 Debug: Notice (8): Undefined index: User in [C:\xampp\htdocs\NewMax\app\views\visits\index.ctp, line 23]
2010-08-16 23:08:07 Debug: Notice (8): Undefined index: User in [C:\xampp\htdocs\NewMax\app\views\visits\index.ctp, line 23]
2010-08-16 23:08:07 Debug: Notice (8): Undefined index: User in [C:\xampp\htdocs\NewMax\app\views\visits\index.ctp, line 23]
2010-08-16 23:08:36 Debug: Notice (8): Undefined index: User in [C:\xampp\htdocs\NewMax\app\views\visits\index.ctp, line 23]
2010-08-16 23:08:36 Debug: Notice (8): Undefined index: User in [C:\xampp\htdocs\NewMax\app\views\visits\index.ctp, line 23]
2010-08-16 23:08:36 Debug: Notice (8): Undefined index: User in [C:\xampp\htdocs\NewMax\app\views\visits\index.ctp, line 23]
2010-08-16 23:08:36 Debug: Notice (8): Undefined index: User in [C:\xampp\htdocs\NewMax\app\views\visits\index.ctp, line 23]
2010-08-16 23:40:26 Debug: Notice (8): Undefined index: User in [C:\xampp\htdocs\NewMax\app\views\visits\index.ctp, line 23]
2010-08-16 23:40:26 Debug: Notice (8): Undefined index: User in [C:\xampp\htdocs\NewMax\app\views\visits\index.ctp, line 23]
2010-08-16 23:40:26 Debug: Notice (8): Undefined index: User in [C:\xampp\htdocs\NewMax\app\views\visits\index.ctp, line 23]
2010-08-16 23:40:26 Debug: Notice (8): Undefined index: User in [C:\xampp\htdocs\NewMax\app\views\visits\index.ctp, line 23]
2010-08-16 23:40:47 Debug: Notice (8): Undefined index: User in [C:\xampp\htdocs\NewMax\app\views\visits\index.ctp, line 23]
2010-08-16 23:40:47 Debug: Notice (8): Undefined index: User in [C:\xampp\htdocs\NewMax\app\views\visits\index.ctp, line 23]
2010-08-16 23:40:47 Debug: Notice (8): Undefined index: User in [C:\xampp\htdocs\NewMax\app\views\visits\index.ctp, line 23]
2010-08-16 23:40:47 Debug: Notice (8): Undefined index: User in [C:\xampp\htdocs\NewMax\app\views\visits\index.ctp, line 23]
2010-08-16 23:41:33 Debug: Notice (8): Undefined index: before in [C:\xampp\htdocs\NewMax\cake\libs\view\helpers\form.php, line 844]
2010-08-16 23:41:33 Debug: Notice (8): Undefined index: between in [C:\xampp\htdocs\NewMax\cake\libs\view\helpers\form.php, line 844]
2010-08-16 23:41:33 Debug: Notice (8): Undefined index: after in [C:\xampp\htdocs\NewMax\cake\libs\view\helpers\form.php, line 844]
2010-08-16 23:41:33 Debug: Notice (8): Undefined index: format in [C:\xampp\htdocs\NewMax\cake\libs\view\helpers\form.php, line 847]
2010-08-16 23:41:35 Debug: Notice (8): Undefined index: before in [C:\xampp\htdocs\NewMax\cake\libs\view\helpers\form.php, line 844]
2010-08-16 23:41:35 Debug: Notice (8): Undefined index: between in [C:\xampp\htdocs\NewMax\cake\libs\view\helpers\form.php, line 844]
2010-08-16 23:41:35 Debug: Notice (8): Undefined index: after in [C:\xampp\htdocs\NewMax\cake\libs\view\helpers\form.php, line 844]
2010-08-16 23:41:35 Debug: Notice (8): Undefined index: format in [C:\xampp\htdocs\NewMax\cake\libs\view\helpers\form.php, line 847]
2010-08-17 00:05:33 Debug: Notice (8): Undefined offset: 4 in [C:\xampp\htdocs\NewMax\app\views\visits\calendar.ctp, line 62]
2010-08-17 00:05:33 Debug: Notice (8): Undefined offset: 4 in [C:\xampp\htdocs\NewMax\app\views\visits\calendar.ctp, line 62]
2010-08-17 00:05:33 Debug: Notice (8): Undefined offset: 4 in [C:\xampp\htdocs\NewMax\app\views\visits\calendar.ctp, line 62]
2010-08-17 00:05:33 Debug: Notice (8): Undefined offset: 4 in [C:\xampp\htdocs\NewMax\app\views\visits\calendar.ctp, line 62]
2010-08-17 00:05:33 Debug: Notice (8): Undefined offset: 4 in [C:\xampp\htdocs\NewMax\app\views\visits\calendar.ctp, line 62]
2010-08-17 00:05:33 Debug: Notice (8): Undefined offset: 4 in [C:\xampp\htdocs\NewMax\app\views\visits\calendar.ctp, line 62]
2010-08-17 00:05:33 Debug: Notice (8): Undefined offset: 4 in [C:\xampp\htdocs\NewMax\app\views\visits\calendar.ctp, line 62]
2010-08-17 00:05:33 Debug: Notice (8): Undefined offset: 4 in [C:\xampp\htdocs\NewMax\app\views\visits\calendar.ctp, line 62]
2010-08-17 00:05:33 Debug: Notice (8): Undefined offset: 4 in [C:\xampp\htdocs\NewMax\app\views\visits\calendar.ctp, line 62]
2010-08-17 00:05:33 Debug: Notice (8): Undefined offset: 4 in [C:\xampp\htdocs\NewMax\app\views\visits\calendar.ctp, line 62]
2010-08-17 00:05:33 Debug: Notice (8): Undefined offset: 4 in [C:\xampp\htdocs\NewMax\app\views\visits\calendar.ctp, line 62]
2010-08-17 00:05:33 Debug: Notice (8): Undefined offset: 4 in [C:\xampp\htdocs\NewMax\app\views\visits\calendar.ctp, line 62]
2010-08-17 00:05:34 Debug: Notice (8): Undefined index: User in [C:\xampp\htdocs\NewMax\app\views\visits\index.ctp, line 23]
2010-08-17 00:05:34 Debug: Notice (8): Undefined index: User in [C:\xampp\htdocs\NewMax\app\views\visits\index.ctp, line 23]
2010-08-17 00:05:34 Debug: Notice (8): Undefined index: User in [C:\xampp\htdocs\NewMax\app\views\visits\index.ctp, line 23]
2010-08-17 00:05:34 Debug: Notice (8): Undefined index: User in [C:\xampp\htdocs\NewMax\app\views\visits\index.ctp, line 23]
2010-08-17 00:05:38 Debug: Notice (8): Undefined offset: 4 in [C:\xampp\htdocs\NewMax\app\views\visits\calendar.ctp, line 62]
2010-08-17 00:05:38 Debug: Notice (8): Undefined offset: 4 in [C:\xampp\htdocs\NewMax\app\views\visits\calendar.ctp, line 62]
2010-08-17 00:05:38 Debug: Notice (8): Undefined offset: 4 in [C:\xampp\htdocs\NewMax\app\views\visits\calendar.ctp, line 62]
2010-08-17 00:05:38 Debug: Notice (8): Undefined offset: 4 in [C:\xampp\htdocs\NewMax\app\views\visits\calendar.ctp, line 62]
2010-08-17 00:05:38 Debug: Notice (8): Undefined offset: 4 in [C:\xampp\htdocs\NewMax\app\views\visits\calendar.ctp, line 62]
2010-08-17 00:05:38 Debug: Notice (8): Undefined offset: 4 in [C:\xampp\htdocs\NewMax\app\views\visits\calendar.ctp, line 62]
2010-08-17 00:05:38 Debug: Notice (8): Undefined offset: 4 in [C:\xampp\htdocs\NewMax\app\views\visits\calendar.ctp, line 62]
2010-08-17 00:05:38 Debug: Notice (8): Undefined offset: 4 in [C:\xampp\htdocs\NewMax\app\views\visits\calendar.ctp, line 62]
2010-08-17 00:05:38 Debug: Notice (8): Undefined offset: 4 in [C:\xampp\htdocs\NewMax\app\views\visits\calendar.ctp, line 62]
2010-08-17 00:05:38 Debug: Notice (8): Undefined offset: 4 in [C:\xampp\htdocs\NewMax\app\views\visits\calendar.ctp, line 62]
2010-08-17 00:05:38 Debug: Notice (8): Undefined offset: 4 in [C:\xampp\htdocs\NewMax\app\views\visits\calendar.ctp, line 62]
2010-08-17 00:05:38 Debug: Notice (8): Undefined offset: 4 in [C:\xampp\htdocs\NewMax\app\views\visits\calendar.ctp, line 62]
2010-08-17 00:06:57 Debug: Notice (8): Undefined offset: 4 in [C:\xampp\htdocs\NewMax\app\views\visits\calendar.ctp, line 62]
2010-08-17 00:06:57 Debug: Notice (8): Undefined offset: 4 in [C:\xampp\htdocs\NewMax\app\views\visits\calendar.ctp, line 62]
2010-08-17 00:06:57 Debug: Notice (8): Undefined offset: 4 in [C:\xampp\htdocs\NewMax\app\views\visits\calendar.ctp, line 62]
2010-08-17 00:06:57 Debug: Notice (8): Undefined offset: 4 in [C:\xampp\htdocs\NewMax\app\views\visits\calendar.ctp, line 62]
2010-08-17 00:06:57 Debug: Notice (8): Undefined offset: 4 in [C:\xampp\htdocs\NewMax\app\views\visits\calendar.ctp, line 62]
2010-08-17 00:06:57 Debug: Notice (8): Undefined offset: 4 in [C:\xampp\htdocs\NewMax\app\views\visits\calendar.ctp, line 62]
2010-08-17 00:06:57 Debug: Notice (8): Undefined offset: 4 in [C:\xampp\htdocs\NewMax\app\views\visits\calendar.ctp, line 62]
2010-08-17 00:06:57 Debug: Notice (8): Undefined offset: 4 in [C:\xampp\htdocs\NewMax\app\views\visits\calendar.ctp, line 62]
2010-08-17 00:06:57 Debug: Notice (8): Undefined offset: 4 in [C:\xampp\htdocs\NewMax\app\views\visits\calendar.ctp, line 62]
2010-08-17 00:06:57 Debug: Notice (8): Undefined offset: 4 in [C:\xampp\htdocs\NewMax\app\views\visits\calendar.ctp, line 62]
2010-08-17 00:06:57 Debug: Notice (8): Undefined offset: 4 in [C:\xampp\htdocs\NewMax\app\views\visits\calendar.ctp, line 62]
2010-08-17 00:06:57 Debug: Notice (8): Undefined offset: 4 in [C:\xampp\htdocs\NewMax\app\views\visits\calendar.ctp, line 62]
2010-08-17 00:07:01 Debug: Notice (8): Undefined offset: 4 in [C:\xampp\htdocs\NewMax\app\views\visits\calendar.ctp, line 62]
2010-08-17 00:07:01 Debug: Notice (8): Undefined offset: 4 in [C:\xampp\htdocs\NewMax\app\views\visits\calendar.ctp, line 62]
2010-08-17 00:07:01 Debug: Notice (8): Undefined offset: 4 in [C:\xampp\htdocs\NewMax\app\views\visits\calendar.ctp, line 62]
2010-08-17 00:07:01 Debug: Notice (8): Undefined offset: 4 in [C:\xampp\htdocs\NewMax\app\views\visits\calendar.ctp, line 62]
2010-08-17 00:07:01 Debug: Notice (8): Undefined offset: 4 in [C:\xampp\htdocs\NewMax\app\views\visits\calendar.ctp, line 62]
2010-08-17 00:07:01 Debug: Notice (8): Undefined offset: 4 in [C:\xampp\htdocs\NewMax\app\views\visits\calendar.ctp, line 62]
2010-08-17 00:07:01 Debug: Notice (8): Undefined offset: 4 in [C:\xampp\htdocs\NewMax\app\views\visits\calendar.ctp, line 62]
2010-08-17 00:07:01 Debug: Notice (8): Undefined offset: 4 in [C:\xampp\htdocs\NewMax\app\views\visits\calendar.ctp, line 62]
2010-08-17 00:07:01 Debug: Notice (8): Undefined offset: 4 in [C:\xampp\htdocs\NewMax\app\views\visits\calendar.ctp, line 62]
2010-08-17 00:07:01 Debug: Notice (8): Undefined offset: 4 in [C:\xampp\htdocs\NewMax\app\views\visits\calendar.ctp, line 62]
2010-08-17 00:07:01 Debug: Notice (8): Undefined offset: 4 in [C:\xampp\htdocs\NewMax\app\views\visits\calendar.ctp, line 62]
2010-08-17 00:07:01 Debug: Notice (8): Undefined offset: 4 in [C:\xampp\htdocs\NewMax\app\views\visits\calendar.ctp, line 62]
2010-08-17 00:07:04 Debug: Notice (8): Undefined index: User in [C:\xampp\htdocs\NewMax\app\views\visits\index.ctp, line 23]
2010-08-17 00:07:04 Debug: Notice (8): Undefined index: User in [C:\xampp\htdocs\NewMax\app\views\visits\index.ctp, line 23]
2010-08-17 00:07:04 Debug: Notice (8): Undefined index: User in [C:\xampp\htdocs\NewMax\app\views\visits\index.ctp, line 23]
2010-08-17 00:07:04 Debug: Notice (8): Undefined index: User in [C:\xampp\htdocs\NewMax\app\views\visits\index.ctp, line 23]
2010-08-17 00:08:15 Debug: Notice (8): Undefined index: User in [C:\xampp\htdocs\NewMax\app\views\visits\index.ctp, line 23]
2010-08-17 00:08:15 Debug: Notice (8): Undefined index: User in [C:\xampp\htdocs\NewMax\app\views\visits\index.ctp, line 23]
2010-08-17 00:08:15 Debug: Notice (8): Undefined index: User in [C:\xampp\htdocs\NewMax\app\views\visits\index.ctp, line 23]
2010-08-17 00:08:15 Debug: Notice (8): Undefined index: User in [C:\xampp\htdocs\NewMax\app\views\visits\index.ctp, line 23]
2010-08-17 00:08:26 Debug: Notice (8): Undefined index: User in [C:\xampp\htdocs\NewMax\app\views\visits\index.ctp, line 23]
2010-08-17 00:08:26 Debug: Notice (8): Undefined index: User in [C:\xampp\htdocs\NewMax\app\views\visits\index.ctp, line 23]
2010-08-17 00:08:26 Debug: Notice (8): Undefined index: User in [C:\xampp\htdocs\NewMax\app\views\visits\index.ctp, line 23]
2010-08-17 00:08:26 Debug: Notice (8): Undefined index: User in [C:\xampp\htdocs\NewMax\app\views\visits\index.ctp, line 23]
2010-08-17 00:08:29 Debug: Notice (8): Undefined index: User in [C:\xampp\htdocs\NewMax\app\views\visits\index.ctp, line 23]
2010-08-17 00:08:29 Debug: Notice (8): Undefined index: User in [C:\xampp\htdocs\NewMax\app\views\visits\index.ctp, line 23]
2010-08-17 00:08:29 Debug: Notice (8): Undefined index: User in [C:\xampp\htdocs\NewMax\app\views\visits\index.ctp, line 23]
2010-08-17 00:08:29 Debug: Notice (8): Undefined index: User in [C:\xampp\htdocs\NewMax\app\views\visits\index.ctp, line 23]
2010-08-17 00:09:21 Debug: Notice (8): Undefined index: User in [C:\xampp\htdocs\NewMax\app\views\visits\index.ctp, line 23]
2010-08-17 00:09:21 Debug: Notice (8): Undefined index: User in [C:\xampp\htdocs\NewMax\app\views\visits\index.ctp, line 23]
2010-08-17 00:09:21 Debug: Notice (8): Undefined index: User in [C:\xampp\htdocs\NewMax\app\views\visits\index.ctp, line 23]
2010-08-17 00:09:21 Debug: Notice (8): Undefined index: User in [C:\xampp\htdocs\NewMax\app\views\visits\index.ctp, line 23]
2010-08-17 00:09:27 Debug: Notice (8): Undefined index: User in [C:\xampp\htdocs\NewMax\app\views\visits\index.ctp, line 23]
2010-08-17 00:09:27 Debug: Notice (8): Undefined index: User in [C:\xampp\htdocs\NewMax\app\views\visits\index.ctp, line 23]
2010-08-17 00:09:27 Debug: Notice (8): Undefined index: User in [C:\xampp\htdocs\NewMax\app\views\visits\index.ctp, line 23]
2010-08-17 00:09:27 Debug: Notice (8): Undefined index: User in [C:\xampp\htdocs\NewMax\app\views\visits\index.ctp, line 23]
2010-08-17 00:09:30 Debug: Notice (8): Undefined index: User in [C:\xampp\htdocs\NewMax\app\views\visits\index.ctp, line 23]
2010-08-17 00:09:30 Debug: Notice (8): Undefined index: User in [C:\xampp\htdocs\NewMax\app\views\visits\index.ctp, line 23]
2010-08-17 00:09:30 Debug: Notice (8): Undefined index: User in [C:\xampp\htdocs\NewMax\app\views\visits\index.ctp, line 23]
2010-08-17 00:09:30 Debug: Notice (8): Undefined index: User in [C:\xampp\htdocs\NewMax\app\views\visits\index.ctp, line 23]
2010-08-17 00:10:03 Debug: Notice (8): Undefined index: before in [C:\xampp\htdocs\NewMax\cake\libs\view\helpers\form.php, line 844]
2010-08-17 00:10:03 Debug: Notice (8): Undefined index: between in [C:\xampp\htdocs\NewMax\cake\libs\view\helpers\form.php, line 844]
2010-08-17 00:10:03 Debug: Notice (8): Undefined index: after in [C:\xampp\htdocs\NewMax\cake\libs\view\helpers\form.php, line 844]
2010-08-17 00:10:03 Debug: Notice (8): Undefined index: format in [C:\xampp\htdocs\NewMax\cake\libs\view\helpers\form.php, line 847]
2010-08-17 00:11:08 Debug: Notice (8): Undefined index: User in [C:\xampp\htdocs\NewMax\app\views\visits\index.ctp, line 23]
2010-08-17 00:11:08 Debug: Notice (8): Undefined index: User in [C:\xampp\htdocs\NewMax\app\views\visits\index.ctp, line 23]
2010-08-17 00:11:08 Debug: Notice (8): Undefined index: User in [C:\xampp\htdocs\NewMax\app\views\visits\index.ctp, line 23]
2010-08-17 00:11:08 Debug: Notice (8): Undefined index: User in [C:\xampp\htdocs\NewMax\app\views\visits\index.ctp, line 23]
2010-08-17 00:11:16 Debug: Notice (8): Undefined index: User in [C:\xampp\htdocs\NewMax\app\views\visits\index.ctp, line 23]
2010-08-17 00:11:16 Debug: Notice (8): Undefined index: User in [C:\xampp\htdocs\NewMax\app\views\visits\index.ctp, line 23]
2010-08-17 00:11:16 Debug: Notice (8): Undefined index: User in [C:\xampp\htdocs\NewMax\app\views\visits\index.ctp, line 23]
2010-08-17 00:11:16 Debug: Notice (8): Undefined index: User in [C:\xampp\htdocs\NewMax\app\views\visits\index.ctp, line 23]
2010-08-17 00:12:34 Debug: Notice (8): Undefined index: User in [C:\xampp\htdocs\NewMax\app\views\visits\index.ctp, line 23]
2010-08-17 00:12:34 Debug: Notice (8): Undefined index: User in [C:\xampp\htdocs\NewMax\app\views\visits\index.ctp, line 23]
2010-08-17 00:12:34 Debug: Notice (8): Undefined index: User in [C:\xampp\htdocs\NewMax\app\views\visits\index.ctp, line 23]
2010-08-17 00:12:34 Debug: Notice (8): Undefined index: User in [C:\xampp\htdocs\NewMax\app\views\visits\index.ctp, line 23]
2010-08-17 00:12:41 Debug: Notice (8): Undefined index: User in [C:\xampp\htdocs\NewMax\app\views\visits\index.ctp, line 23]
2010-08-17 00:12:41 Debug: Notice (8): Undefined index: User in [C:\xampp\htdocs\NewMax\app\views\visits\index.ctp, line 23]
2010-08-17 00:12:41 Debug: Notice (8): Undefined index: User in [C:\xampp\htdocs\NewMax\app\views\visits\index.ctp, line 23]
2010-08-17 00:12:41 Debug: Notice (8): Undefined index: User in [C:\xampp\htdocs\NewMax\app\views\visits\index.ctp, line 23]
2010-08-17 00:12:42 Debug: Notice (8): Undefined variable: userVendors in [C:\xampp\htdocs\NewMax\app\views\elements\toolbar.ctp, line 40]
2010-08-17 00:12:42 Debug: Notice (8): Undefined variable: clientNames in [C:\xampp\htdocs\NewMax\app\views\elements\toolbar.ctp, line 41]
2010-08-17 00:12:44 Debug: Notice (8): Undefined variable: userVendors in [C:\xampp\htdocs\NewMax\app\views\elements\toolbar.ctp, line 40]
2010-08-17 00:12:44 Debug: Notice (8): Undefined variable: clientNames in [C:\xampp\htdocs\NewMax\app\views\elements\toolbar.ctp, line 41]
2010-08-17 00:13:18 Debug: Notice (8): Undefined variable: userVendors in [C:\xampp\htdocs\NewMax\app\views\elements\toolbar.ctp, line 40]
2010-08-17 00:13:18 Debug: Notice (8): Undefined variable: clientNames in [C:\xampp\htdocs\NewMax\app\views\elements\toolbar.ctp, line 41]
2010-08-17 00:13:19 Debug: Notice (8): Undefined variable: userVendors in [C:\xampp\htdocs\NewMax\app\views\elements\toolbar.ctp, line 40]
2010-08-17 00:13:19 Debug: Notice (8): Undefined variable: clientNames in [C:\xampp\htdocs\NewMax\app\views\elements\toolbar.ctp, line 41]
2010-08-17 00:13:33 Debug: Notice (8): Undefined variable: userVendors in [C:\xampp\htdocs\NewMax\app\views\elements\toolbar.ctp, line 40]
2010-08-17 00:13:33 Debug: Notice (8): Undefined variable: clientNames in [C:\xampp\htdocs\NewMax\app\views\elements\toolbar.ctp, line 41]
2010-08-17 00:13:35 Debug: Notice (8): Undefined variable: userVendors in [C:\xampp\htdocs\NewMax\app\views\elements\toolbar.ctp, line 40]
2010-08-17 00:13:35 Debug: Notice (8): Undefined variable: clientNames in [C:\xampp\htdocs\NewMax\app\views\elements\toolbar.ctp, line 41]
2010-08-17 00:13:36 Debug: Notice (8): Undefined variable: userVendors in [C:\xampp\htdocs\NewMax\app\views\elements\toolbar.ctp, line 40]
2010-08-17 00:13:36 Debug: Notice (8): Undefined variable: clientNames in [C:\xampp\htdocs\NewMax\app\views\elements\toolbar.ctp, line 41]
2010-08-17 00:13:46 Debug: Notice (8): Undefined variable: userVendors in [C:\xampp\htdocs\NewMax\app\views\elements\toolbar.ctp, line 40]
2010-08-17 00:13:46 Debug: Notice (8): Undefined variable: clientNames in [C:\xampp\htdocs\NewMax\app\views\elements\toolbar.ctp, line 41]
2010-08-17 00:13:48 Debug: Notice (8): Undefined index: User in [C:\xampp\htdocs\NewMax\app\views\visits\index.ctp, line 23]
2010-08-17 00:13:48 Debug: Notice (8): Undefined index: User in [C:\xampp\htdocs\NewMax\app\views\visits\index.ctp, line 23]
2010-08-17 00:13:48 Debug: Notice (8): Undefined index: User in [C:\xampp\htdocs\NewMax\app\views\visits\index.ctp, line 23]
2010-08-17 00:13:48 Debug: Notice (8): Undefined index: User in [C:\xampp\htdocs\NewMax\app\views\visits\index.ctp, line 23]
2010-08-17 00:13:51 Debug: Notice (8): Undefined index: User in [C:\xampp\htdocs\NewMax\app\views\visits\index.ctp, line 23]
2010-08-17 00:13:51 Debug: Notice (8): Undefined index: User in [C:\xampp\htdocs\NewMax\app\views\visits\index.ctp, line 23]
2010-08-17 00:13:51 Debug: Notice (8): Undefined index: User in [C:\xampp\htdocs\NewMax\app\views\visits\index.ctp, line 23]
2010-08-17 00:13:51 Debug: Notice (8): Undefined index: User in [C:\xampp\htdocs\NewMax\app\views\visits\index.ctp, line 23]
2010-08-17 00:13:52 Debug: Notice (8): Undefined index: User in [C:\xampp\htdocs\NewMax\app\views\visits\index.ctp, line 23]
2010-08-17 00:13:52 Debug: Notice (8): Undefined index: User in [C:\xampp\htdocs\NewMax\app\views\visits\index.ctp, line 23]
2010-08-17 00:13:52 Debug: Notice (8): Undefined index: User in [C:\xampp\htdocs\NewMax\app\views\visits\index.ctp, line 23]
2010-08-17 00:13:52 Debug: Notice (8): Undefined index: User in [C:\xampp\htdocs\NewMax\app\views\visits\index.ctp, line 23]
2010-08-17 00:13:58 Debug: Notice (8): Undefined variable: userVendors in [C:\xampp\htdocs\NewMax\app\views\elements\toolbar.ctp, line 40]
2010-08-17 00:13:58 Debug: Notice (8): Undefined variable: clientNames in [C:\xampp\htdocs\NewMax\app\views\elements\toolbar.ctp, line 41]
2010-08-17 00:42:07 Debug: Notice (8): Undefined index: User in [C:\xampp\htdocs\NewMax\app\views\visits\index.ctp, line 23]
2010-08-17 00:42:07 Debug: Notice (8): Undefined index: User in [C:\xampp\htdocs\NewMax\app\views\visits\index.ctp, line 23]
2010-08-17 00:42:07 Debug: Notice (8): Undefined index: User in [C:\xampp\htdocs\NewMax\app\views\visits\index.ctp, line 23]
2010-08-17 00:42:07 Debug: Notice (8): Undefined index: User in [C:\xampp\htdocs\NewMax\app\views\visits\index.ctp, line 23]
2010-08-17 00:42:08 Debug: Notice (8): Undefined offset: 4 in [C:\xampp\htdocs\NewMax\app\views\visits\calendar.ctp, line 62]
2010-08-17 00:42:08 Debug: Notice (8): Undefined offset: 4 in [C:\xampp\htdocs\NewMax\app\views\visits\calendar.ctp, line 62]
2010-08-17 00:42:08 Debug: Notice (8): Undefined offset: 4 in [C:\xampp\htdocs\NewMax\app\views\visits\calendar.ctp, line 62]
2010-08-17 00:42:08 Debug: Notice (8): Undefined offset: 4 in [C:\xampp\htdocs\NewMax\app\views\visits\calendar.ctp, line 62]
2010-08-17 00:42:08 Debug: Notice (8): Undefined offset: 4 in [C:\xampp\htdocs\NewMax\app\views\visits\calendar.ctp, line 62]
2010-08-17 00:42:08 Debug: Notice (8): Undefined offset: 4 in [C:\xampp\htdocs\NewMax\app\views\visits\calendar.ctp, line 62]
2010-08-17 00:42:08 Debug: Notice (8): Undefined offset: 4 in [C:\xampp\htdocs\NewMax\app\views\visits\calendar.ctp, line 62]
2010-08-17 00:42:08 Debug: Notice (8): Undefined offset: 4 in [C:\xampp\htdocs\NewMax\app\views\visits\calendar.ctp, line 62]
2010-08-17 00:42:08 Debug: Notice (8): Undefined offset: 4 in [C:\xampp\htdocs\NewMax\app\views\visits\calendar.ctp, line 62]
2010-08-17 00:42:08 Debug: Notice (8): Undefined offset: 4 in [C:\xampp\htdocs\NewMax\app\views\visits\calendar.ctp, line 62]
2010-08-17 00:42:08 Debug: Notice (8): Undefined offset: 4 in [C:\xampp\htdocs\NewMax\app\views\visits\calendar.ctp, line 62]
2010-08-17 00:42:08 Debug: Notice (8): Undefined offset: 4 in [C:\xampp\htdocs\NewMax\app\views\visits\calendar.ctp, line 62]
2010-08-17 00:42:11 Debug: Notice (8): Undefined index: User in [C:\xampp\htdocs\NewMax\app\views\visits\index.ctp, line 23]
2010-08-17 00:42:11 Debug: Notice (8): Undefined index: User in [C:\xampp\htdocs\NewMax\app\views\visits\index.ctp, line 23]
2010-08-17 00:42:11 Debug: Notice (8): Undefined index: User in [C:\xampp\htdocs\NewMax\app\views\visits\index.ctp, line 23]
2010-08-17 00:42:11 Debug: Notice (8): Undefined index: User in [C:\xampp\htdocs\NewMax\app\views\visits\index.ctp, line 23]
2010-08-17 00:44:13 Debug: Notice (8): Undefined index: name in [C:\xampp\htdocs\NewMax\app\views\contacts\index.ctp, line 31]
2010-08-17 00:44:13 Debug: Notice (8): Undefined index: name in [C:\xampp\htdocs\NewMax\app\views\contacts\index.ctp, line 31]
2010-08-17 00:44:15 Debug: Notice (8): Undefined index: name in [C:\xampp\htdocs\NewMax\app\views\contacts\index.ctp, line 31]
2010-08-17 00:44:15 Debug: Notice (8): Undefined index: name in [C:\xampp\htdocs\NewMax\app\views\contacts\index.ctp, line 31]
2010-08-17 01:14:11 Debug: Notice (8): Undefined offset: 4 in [C:\xampp\htdocs\NewMax\app\views\visits\calendar.ctp, line 62]
2010-08-17 01:14:11 Debug: Notice (8): Undefined offset: 4 in [C:\xampp\htdocs\NewMax\app\views\visits\calendar.ctp, line 62]
2010-08-17 01:14:11 Debug: Notice (8): Undefined offset: 4 in [C:\xampp\htdocs\NewMax\app\views\visits\calendar.ctp, line 62]
2010-08-17 01:14:11 Debug: Notice (8): Undefined offset: 4 in [C:\xampp\htdocs\NewMax\app\views\visits\calendar.ctp, line 62]
2010-08-17 01:14:11 Debug: Notice (8): Undefined offset: 4 in [C:\xampp\htdocs\NewMax\app\views\visits\calendar.ctp, line 62]
2010-08-17 01:14:11 Debug: Notice (8): Undefined offset: 4 in [C:\xampp\htdocs\NewMax\app\views\visits\calendar.ctp, line 62]
2010-08-17 01:14:11 Debug: Notice (8): Undefined offset: 4 in [C:\xampp\htdocs\NewMax\app\views\visits\calendar.ctp, line 62]
2010-08-17 01:14:11 Debug: Notice (8): Undefined offset: 4 in [C:\xampp\htdocs\NewMax\app\views\visits\calendar.ctp, line 62]
2010-08-17 01:14:11 Debug: Notice (8): Undefined offset: 4 in [C:\xampp\htdocs\NewMax\app\views\visits\calendar.ctp, line 62]
2010-08-17 01:14:11 Debug: Notice (8): Undefined offset: 4 in [C:\xampp\htdocs\NewMax\app\views\visits\calendar.ctp, line 62]
2010-08-17 01:14:11 Debug: Notice (8): Undefined offset: 4 in [C:\xampp\htdocs\NewMax\app\views\visits\calendar.ctp, line 62]
2010-08-17 01:14:11 Debug: Notice (8): Undefined offset: 4 in [C:\xampp\htdocs\NewMax\app\views\visits\calendar.ctp, line 62]
2010-08-17 01:15:43 Debug: Notice (8): Undefined offset: 4 in [C:\xampp\htdocs\NewMax\app\views\visits\calendar.ctp, line 62]
2010-08-17 01:15:43 Debug: Notice (8): Undefined offset: 4 in [C:\xampp\htdocs\NewMax\app\views\visits\calendar.ctp, line 62]
2010-08-17 01:15:43 Debug: Notice (8): Undefined offset: 4 in [C:\xampp\htdocs\NewMax\app\views\visits\calendar.ctp, line 62]
2010-08-17 01:15:43 Debug: Notice (8): Undefined offset: 4 in [C:\xampp\htdocs\NewMax\app\views\visits\calendar.ctp, line 62]
2010-08-17 01:15:43 Debug: Notice (8): Undefined offset: 4 in [C:\xampp\htdocs\NewMax\app\views\visits\calendar.ctp, line 62]
2010-08-17 01:15:43 Debug: Notice (8): Undefined offset: 4 in [C:\xampp\htdocs\NewMax\app\views\visits\calendar.ctp, line 62]
2010-08-17 01:15:43 Debug: Notice (8): Undefined offset: 4 in [C:\xampp\htdocs\NewMax\app\views\visits\calendar.ctp, line 62]
2010-08-17 01:15:43 Debug: Notice (8): Undefined offset: 4 in [C:\xampp\htdocs\NewMax\app\views\visits\calendar.ctp, line 62]
2010-08-17 01:15:43 Debug: Notice (8): Undefined offset: 4 in [C:\xampp\htdocs\NewMax\app\views\visits\calendar.ctp, line 62]
2010-08-17 01:15:43 Debug: Notice (8): Undefined offset: 4 in [C:\xampp\htdocs\NewMax\app\views\visits\calendar.ctp, line 62]
2010-08-17 01:15:43 Debug: Notice (8): Undefined offset: 4 in [C:\xampp\htdocs\NewMax\app\views\visits\calendar.ctp, line 62]
2010-08-17 01:15:43 Debug: Notice (8): Undefined offset: 4 in [C:\xampp\htdocs\NewMax\app\views\visits\calendar.ctp, line 62]
2010-08-17 01:15:49 Debug: Notice (8): Undefined offset: 4 in [C:\xampp\htdocs\NewMax\app\views\visits\calendar.ctp, line 62]
2010-08-17 01:15:49 Debug: Notice (8): Undefined offset: 4 in [C:\xampp\htdocs\NewMax\app\views\visits\calendar.ctp, line 62]
2010-08-17 01:15:49 Debug: Notice (8): Undefined offset: 4 in [C:\xampp\htdocs\NewMax\app\views\visits\calendar.ctp, line 62]
2010-08-17 01:15:49 Debug: Notice (8): Undefined offset: 4 in [C:\xampp\htdocs\NewMax\app\views\visits\calendar.ctp, line 62]
2010-08-17 01:15:49 Debug: Notice (8): Undefined offset: 4 in [C:\xampp\htdocs\NewMax\app\views\visits\calendar.ctp, line 62]
2010-08-17 01:15:49 Debug: Notice (8): Undefined offset: 4 in [C:\xampp\htdocs\NewMax\app\views\visits\calendar.ctp, line 62]
2010-08-17 01:15:49 Debug: Notice (8): Undefined offset: 4 in [C:\xampp\htdocs\NewMax\app\views\visits\calendar.ctp, line 62]
2010-08-17 01:15:49 Debug: Notice (8): Undefined offset: 4 in [C:\xampp\htdocs\NewMax\app\views\visits\calendar.ctp, line 62]
2010-08-17 01:15:49 Debug: Notice (8): Undefined offset: 4 in [C:\xampp\htdocs\NewMax\app\views\visits\calendar.ctp, line 62]
2010-08-17 01:15:49 Debug: Notice (8): Undefined offset: 4 in [C:\xampp\htdocs\NewMax\app\views\visits\calendar.ctp, line 62]
2010-08-17 01:15:49 Debug: Notice (8): Undefined offset: 4 in [C:\xampp\htdocs\NewMax\app\views\visits\calendar.ctp, line 62]
2010-08-17 01:15:49 Debug: Notice (8): Undefined offset: 4 in [C:\xampp\htdocs\NewMax\app\views\visits\calendar.ctp, line 62]
2010-08-17 01:15:51 Debug: Notice (8): Undefined offset: 4 in [C:\xampp\htdocs\NewMax\app\views\visits\calendar.ctp, line 62]
2010-08-17 01:15:51 Debug: Notice (8): Undefined offset: 4 in [C:\xampp\htdocs\NewMax\app\views\visits\calendar.ctp, line 62]
2010-08-17 01:15:51 Debug: Notice (8): Undefined offset: 4 in [C:\xampp\htdocs\NewMax\app\views\visits\calendar.ctp, line 62]
2010-08-17 01:15:51 Debug: Notice (8): Undefined offset: 4 in [C:\xampp\htdocs\NewMax\app\views\visits\calendar.ctp, line 62]
2010-08-17 01:15:51 Debug: Notice (8): Undefined offset: 4 in [C:\xampp\htdocs\NewMax\app\views\visits\calendar.ctp, line 62]
2010-08-17 01:15:51 Debug: Notice (8): Undefined offset: 4 in [C:\xampp\htdocs\NewMax\app\views\visits\calendar.ctp, line 62]
2010-08-17 01:15:51 Debug: Notice (8): Undefined offset: 4 in [C:\xampp\htdocs\NewMax\app\views\visits\calendar.ctp, line 62]
2010-08-17 01:15:51 Debug: Notice (8): Undefined offset: 4 in [C:\xampp\htdocs\NewMax\app\views\visits\calendar.ctp, line 62]
2010-08-17 01:15:51 Debug: Notice (8): Undefined offset: 4 in [C:\xampp\htdocs\NewMax\app\views\visits\calendar.ctp, line 62]
2010-08-17 01:15:51 Debug: Notice (8): Undefined offset: 4 in [C:\xampp\htdocs\NewMax\app\views\visits\calendar.ctp, line 62]
2010-08-17 01:15:51 Debug: Notice (8): Undefined offset: 4 in [C:\xampp\htdocs\NewMax\app\views\visits\calendar.ctp, line 62]
2010-08-17 01:15:51 Debug: Notice (8): Undefined offset: 4 in [C:\xampp\htdocs\NewMax\app\views\visits\calendar.ctp, line 62]
2010-08-17 01:15:53 Debug: Notice (8): Undefined index: User in [C:\xampp\htdocs\NewMax\app\views\visits\index.ctp, line 23]
2010-08-17 01:15:53 Debug: Notice (8): Undefined index: User in [C:\xampp\htdocs\NewMax\app\views\visits\index.ctp, line 23]
2010-08-17 01:15:53 Debug: Notice (8): Undefined index: User in [C:\xampp\htdocs\NewMax\app\views\visits\index.ctp, line 23]
2010-08-17 01:15:53 Debug: Notice (8): Undefined index: User in [C:\xampp\htdocs\NewMax\app\views\visits\index.ctp, line 23]
2010-08-17 01:27:44 Debug: Notice (8): Undefined index: User in [C:\xampp\htdocs\NewMax\app\views\visits\index.ctp, line 23]
2010-08-17 01:27:44 Debug: Notice (8): Undefined index: User in [C:\xampp\htdocs\NewMax\app\views\visits\index.ctp, line 23]
2010-08-17 01:27:44 Debug: Notice (8): Undefined index: User in [C:\xampp\htdocs\NewMax\app\views\visits\index.ctp, line 23]
2010-08-17 01:27:44 Debug: Notice (8): Undefined index: User in [C:\xampp\htdocs\NewMax\app\views\visits\index.ctp, line 23]
2010-08-17 01:29:46 Debug: Notice (8): Undefined index: User in [C:\xampp\htdocs\NewMax\app\views\visits\index.ctp, line 23]
2010-08-17 01:29:46 Debug: Notice (8): Undefined index: User in [C:\xampp\htdocs\NewMax\app\views\visits\index.ctp, line 23]
2010-08-17 01:29:46 Debug: Notice (8): Undefined index: User in [C:\xampp\htdocs\NewMax\app\views\visits\index.ctp, line 23]
2010-08-17 01:29:46 Debug: Notice (8): Undefined index: User in [C:\xampp\htdocs\NewMax\app\views\visits\index.ctp, line 23]
2010-08-17 01:30:18 Debug: Notice (8): Undefined index: User in [C:\xampp\htdocs\NewMax\app\views\visits\index.ctp, line 23]
2010-08-17 01:30:18 Debug: Notice (8): Undefined index: User in [C:\xampp\htdocs\NewMax\app\views\visits\index.ctp, line 23]
2010-08-17 01:30:18 Debug: Notice (8): Undefined index: User in [C:\xampp\htdocs\NewMax\app\views\visits\index.ctp, line 23]
2010-08-17 01:30:18 Debug: Notice (8): Undefined index: User in [C:\xampp\htdocs\NewMax\app\views\visits\index.ctp, line 23]
2010-08-17 01:30:19 Debug: Notice (8): Undefined index: User in [C:\xampp\htdocs\NewMax\app\views\visits\index.ctp, line 23]
2010-08-17 01:30:19 Debug: Notice (8): Undefined index: User in [C:\xampp\htdocs\NewMax\app\views\visits\index.ctp, line 23]
2010-08-17 01:30:19 Debug: Notice (8): Undefined index: User in [C:\xampp\htdocs\NewMax\app\views\visits\index.ctp, line 23]
2010-08-17 01:30:19 Debug: Notice (8): Undefined index: User in [C:\xampp\htdocs\NewMax\app\views\visits\index.ctp, line 23]
2010-08-17 01:31:01 Debug: Notice (8): Undefined variable: user in [C:\xampp\htdocs\NewMax\app\views\visits\index.ctp, line 23]
2010-08-17 01:31:01 Debug: Notice (8): Undefined variable: user in [C:\xampp\htdocs\NewMax\app\views\visits\index.ctp, line 23]
2010-08-17 01:31:01 Debug: Notice (8): Undefined variable: user in [C:\xampp\htdocs\NewMax\app\views\visits\index.ctp, line 23]
2010-08-17 01:31:01 Debug: Notice (8): Undefined variable: user in [C:\xampp\htdocs\NewMax\app\views\visits\index.ctp, line 23]
2010-08-17 01:31:02 Debug: Notice (8): Undefined variable: user in [C:\xampp\htdocs\NewMax\app\views\visits\index.ctp, line 23]
2010-08-17 01:31:02 Debug: Notice (8): Undefined variable: user in [C:\xampp\htdocs\NewMax\app\views\visits\index.ctp, line 23]
2010-08-17 01:31:02 Debug: Notice (8): Undefined variable: user in [C:\xampp\htdocs\NewMax\app\views\visits\index.ctp, line 23]
2010-08-17 01:31:02 Debug: Notice (8): Undefined variable: user in [C:\xampp\htdocs\NewMax\app\views\visits\index.ctp, line 23]
2010-08-17 01:31:12 Debug: Notice (8): Undefined variable: user in [C:\xampp\htdocs\NewMax\app\views\visits\index.ctp, line 23]
2010-08-17 01:31:12 Debug: Notice (8): Undefined variable: user in [C:\xampp\htdocs\NewMax\app\views\visits\index.ctp, line 23]
2010-08-17 01:31:12 Debug: Notice (8): Undefined variable: user in [C:\xampp\htdocs\NewMax\app\views\visits\index.ctp, line 23]
2010-08-17 01:31:12 Debug: Notice (8): Undefined variable: user in [C:\xampp\htdocs\NewMax\app\views\visits\index.ctp, line 23]
2010-08-17 01:31:14 Debug: Notice (8): Undefined variable: user in [C:\xampp\htdocs\NewMax\app\views\visits\index.ctp, line 23]
2010-08-17 01:31:14 Debug: Notice (8): Undefined variable: user in [C:\xampp\htdocs\NewMax\app\views\visits\index.ctp, line 23]
2010-08-17 01:31:14 Debug: Notice (8): Undefined variable: user in [C:\xampp\htdocs\NewMax\app\views\visits\index.ctp, line 23]
2010-08-17 01:31:14 Debug: Notice (8): Undefined variable: user in [C:\xampp\htdocs\NewMax\app\views\visits\index.ctp, line 23]
2010-08-17 01:36:16 Debug: Notice (8): Undefined variable: user in [C:\xampp\htdocs\NewMax\app\views\visits\index.ctp, line 23]
2010-08-17 01:36:16 Debug: Notice (8): Undefined variable: user in [C:\xampp\htdocs\NewMax\app\views\visits\index.ctp, line 23]
2010-08-17 01:36:16 Debug: Notice (8): Undefined variable: user in [C:\xampp\htdocs\NewMax\app\views\visits\index.ctp, line 23]
2010-08-17 01:36:16 Debug: Notice (8): Undefined variable: user in [C:\xampp\htdocs\NewMax\app\views\visits\index.ctp, line 23]
2010-08-17 01:36:45 Debug: Notice (8): Undefined variable: user in [C:\xampp\htdocs\NewMax\app\views\visits\index.ctp, line 23]
2010-08-17 01:36:45 Debug: Notice (8): Undefined variable: user in [C:\xampp\htdocs\NewMax\app\views\visits\index.ctp, line 23]
2010-08-17 01:36:45 Debug: Notice (8): Undefined variable: user in [C:\xampp\htdocs\NewMax\app\views\visits\index.ctp, line 23]
2010-08-17 01:36:45 Debug: Notice (8): Undefined variable: user in [C:\xampp\htdocs\NewMax\app\views\visits\index.ctp, line 23]
2010-08-17 01:36:46 Debug: Notice (8): Undefined offset: 4 in [C:\xampp\htdocs\NewMax\app\views\visits\calendar.ctp, line 62]
2010-08-17 01:36:46 Debug: Notice (8): Undefined offset: 4 in [C:\xampp\htdocs\NewMax\app\views\visits\calendar.ctp, line 62]
2010-08-17 01:36:46 Debug: Notice (8): Undefined offset: 4 in [C:\xampp\htdocs\NewMax\app\views\visits\calendar.ctp, line 62]
2010-08-17 01:36:46 Debug: Notice (8): Undefined offset: 4 in [C:\xampp\htdocs\NewMax\app\views\visits\calendar.ctp, line 62]
2010-08-17 01:36:46 Debug: Notice (8): Undefined offset: 4 in [C:\xampp\htdocs\NewMax\app\views\visits\calendar.ctp, line 62]
2010-08-17 01:36:46 Debug: Notice (8): Undefined offset: 4 in [C:\xampp\htdocs\NewMax\app\views\visits\calendar.ctp, line 62]
2010-08-17 01:36:46 Debug: Notice (8): Undefined offset: 4 in [C:\xampp\htdocs\NewMax\app\views\visits\calendar.ctp, line 62]
2010-08-17 01:36:46 Debug: Notice (8): Undefined offset: 4 in [C:\xampp\htdocs\NewMax\app\views\visits\calendar.ctp, line 62]
2010-08-17 01:36:46 Debug: Notice (8): Undefined offset: 4 in [C:\xampp\htdocs\NewMax\app\views\visits\calendar.ctp, line 62]
2010-08-17 01:36:46 Debug: Notice (8): Undefined offset: 4 in [C:\xampp\htdocs\NewMax\app\views\visits\calendar.ctp, line 62]
2010-08-17 01:36:46 Debug: Notice (8): Undefined offset: 4 in [C:\xampp\htdocs\NewMax\app\views\visits\calendar.ctp, line 62]
2010-08-17 01:36:46 Debug: Notice (8): Undefined offset: 4 in [C:\xampp\htdocs\NewMax\app\views\visits\calendar.ctp, line 62]
2010-08-17 01:36:48 Debug: Notice (8): Undefined variable: user in [C:\xampp\htdocs\NewMax\app\views\visits\index.ctp, line 23]
2010-08-17 01:36:48 Debug: Notice (8): Undefined variable: user in [C:\xampp\htdocs\NewMax\app\views\visits\index.ctp, line 23]
2010-08-17 01:36:48 Debug: Notice (8): Undefined variable: user in [C:\xampp\htdocs\NewMax\app\views\visits\index.ctp, line 23]
2010-08-17 01:36:48 Debug: Notice (8): Undefined variable: user in [C:\xampp\htdocs\NewMax\app\views\visits\index.ctp, line 23]
2010-08-17 01:37:32 Debug: Notice (8): Undefined variable: user in [C:\xampp\htdocs\NewMax\app\views\visits\index.ctp, line 23]
2010-08-17 01:37:32 Debug: Notice (8): Undefined variable: user in [C:\xampp\htdocs\NewMax\app\views\visits\index.ctp, line 23]
2010-08-17 01:37:32 Debug: Notice (8): Undefined variable: user in [C:\xampp\htdocs\NewMax\app\views\visits\index.ctp, line 23]
2010-08-17 01:37:32 Debug: Notice (8): Undefined variable: user in [C:\xampp\htdocs\NewMax\app\views\visits\index.ctp, line 23]
2010-08-17 01:39:33 Debug: Notice (8): Undefined offset: 3 in [C:\xampp\htdocs\NewMax\app\views\visits\calendar_vendor.ctp, line 62]
2010-08-17 01:39:33 Debug: Notice (8): Undefined offset: 3 in [C:\xampp\htdocs\NewMax\app\views\visits\calendar_vendor.ctp, line 62]
2010-08-17 01:39:33 Debug: Notice (8): Undefined offset: 3 in [C:\xampp\htdocs\NewMax\app\views\visits\calendar_vendor.ctp, line 62]
2010-08-17 01:39:33 Debug: Notice (8): Undefined offset: 3 in [C:\xampp\htdocs\NewMax\app\views\visits\calendar_vendor.ctp, line 62]
2010-08-17 01:39:33 Debug: Notice (8): Undefined offset: 3 in [C:\xampp\htdocs\NewMax\app\views\visits\calendar_vendor.ctp, line 62]
2010-08-17 01:39:33 Debug: Notice (8): Undefined offset: 3 in [C:\xampp\htdocs\NewMax\app\views\visits\calendar_vendor.ctp, line 62]
2010-08-17 01:39:33 Debug: Notice (8): Undefined offset: 3 in [C:\xampp\htdocs\NewMax\app\views\visits\calendar_vendor.ctp, line 62]
2010-08-17 01:39:33 Debug: Notice (8): Undefined offset: 3 in [C:\xampp\htdocs\NewMax\app\views\visits\calendar_vendor.ctp, line 62]
2010-08-17 01:39:33 Debug: Notice (8): Undefined offset: 3 in [C:\xampp\htdocs\NewMax\app\views\visits\calendar_vendor.ctp, line 62]
2010-08-17 01:39:33 Debug: Notice (8): Undefined offset: 3 in [C:\xampp\htdocs\NewMax\app\views\visits\calendar_vendor.ctp, line 62]
2010-08-17 01:39:33 Debug: Notice (8): Undefined offset: 3 in [C:\xampp\htdocs\NewMax\app\views\visits\calendar_vendor.ctp, line 62]
2010-08-17 01:39:33 Debug: Notice (8): Undefined offset: 3 in [C:\xampp\htdocs\NewMax\app\views\visits\calendar_vendor.ctp, line 62]
2010-08-17 01:39:39 Debug: Notice (8): Undefined offset: 3 in [C:\xampp\htdocs\NewMax\app\views\visits\calendar_vendor.ctp, line 62]
2010-08-17 01:39:39 Debug: Notice (8): Undefined offset: 3 in [C:\xampp\htdocs\NewMax\app\views\visits\calendar_vendor.ctp, line 62]
2010-08-17 01:39:39 Debug: Notice (8): Undefined offset: 3 in [C:\xampp\htdocs\NewMax\app\views\visits\calendar_vendor.ctp, line 62]
2010-08-17 01:39:39 Debug: Notice (8): Undefined offset: 3 in [C:\xampp\htdocs\NewMax\app\views\visits\calendar_vendor.ctp, line 62]
2010-08-17 01:39:39 Debug: Notice (8): Undefined offset: 3 in [C:\xampp\htdocs\NewMax\app\views\visits\calendar_vendor.ctp, line 62]
2010-08-17 01:39:39 Debug: Notice (8): Undefined offset: 3 in [C:\xampp\htdocs\NewMax\app\views\visits\calendar_vendor.ctp, line 62]
2010-08-17 01:39:39 Debug: Notice (8): Undefined offset: 3 in [C:\xampp\htdocs\NewMax\app\views\visits\calendar_vendor.ctp, line 62]
2010-08-17 01:39:39 Debug: Notice (8): Undefined offset: 3 in [C:\xampp\htdocs\NewMax\app\views\visits\calendar_vendor.ctp, line 62]
2010-08-17 01:39:39 Debug: Notice (8): Undefined offset: 3 in [C:\xampp\htdocs\NewMax\app\views\visits\calendar_vendor.ctp, line 62]
2010-08-17 01:39:39 Debug: Notice (8): Undefined offset: 3 in [C:\xampp\htdocs\NewMax\app\views\visits\calendar_vendor.ctp, line 62]
2010-08-17 01:39:39 Debug: Notice (8): Undefined offset: 3 in [C:\xampp\htdocs\NewMax\app\views\visits\calendar_vendor.ctp, line 62]
2010-08-17 01:39:39 Debug: Notice (8): Undefined offset: 3 in [C:\xampp\htdocs\NewMax\app\views\visits\calendar_vendor.ctp, line 62]
2010-08-17 01:41:04 Debug: Notice (8): Undefined variable: user in [C:\xampp\htdocs\NewMax\app\views\visits\index.ctp, line 23]
2010-08-17 01:41:04 Debug: Notice (8): Undefined variable: user in [C:\xampp\htdocs\NewMax\app\views\visits\index.ctp, line 23]
2010-08-17 01:41:04 Debug: Notice (8): Undefined variable: user in [C:\xampp\htdocs\NewMax\app\views\visits\index.ctp, line 23]
2010-08-17 01:41:04 Debug: Notice (8): Undefined variable: user in [C:\xampp\htdocs\NewMax\app\views\visits\index.ctp, line 23]
2010-08-17 01:41:40 Debug: Notice (8): Undefined variable: user in [C:\xampp\htdocs\NewMax\app\views\visits\index.ctp, line 23]
2010-08-17 01:41:40 Debug: Notice (8): Undefined variable: user in [C:\xampp\htdocs\NewMax\app\views\visits\index.ctp, line 23]
2010-08-17 01:41:40 Debug: Notice (8): Undefined variable: user in [C:\xampp\htdocs\NewMax\app\views\visits\index.ctp, line 23]
2010-08-17 01:41:41 Debug: Notice (8): Undefined variable: user in [C:\xampp\htdocs\NewMax\app\views\visits\index.ctp, line 23]
2010-08-17 01:41:53 Debug: Notice (8): Undefined variable: user in [C:\xampp\htdocs\NewMax\app\views\visits\index.ctp, line 23]
2010-08-17 01:41:53 Debug: Notice (8): Undefined variable: user in [C:\xampp\htdocs\NewMax\app\views\visits\index.ctp, line 23]
2010-08-17 01:41:53 Debug: Notice (8): Undefined variable: user in [C:\xampp\htdocs\NewMax\app\views\visits\index.ctp, line 23]
2010-08-17 01:41:53 Debug: Notice (8): Undefined variable: user in [C:\xampp\htdocs\NewMax\app\views\visits\index.ctp, line 23]
2010-08-17 01:42:00 Debug: Notice (8): Undefined variable: user in [C:\xampp\htdocs\NewMax\app\views\visits\index.ctp, line 23]
2010-08-17 01:42:00 Debug: Notice (8): Undefined variable: user in [C:\xampp\htdocs\NewMax\app\views\visits\index.ctp, line 23]
2010-08-17 01:42:00 Debug: Notice (8): Undefined variable: user in [C:\xampp\htdocs\NewMax\app\views\visits\index.ctp, line 23]
2010-08-17 01:42:00 Debug: Notice (8): Undefined variable: user in [C:\xampp\htdocs\NewMax\app\views\visits\index.ctp, line 23]
2010-08-17 01:42:03 Debug: Notice (8): Undefined offset: 4 in [C:\xampp\htdocs\NewMax\app\views\visits\calendar.ctp, line 62]
2010-08-17 01:42:03 Debug: Notice (8): Undefined offset: 4 in [C:\xampp\htdocs\NewMax\app\views\visits\calendar.ctp, line 62]
2010-08-17 01:42:03 Debug: Notice (8): Undefined offset: 4 in [C:\xampp\htdocs\NewMax\app\views\visits\calendar.ctp, line 62]
2010-08-17 01:42:03 Debug: Notice (8): Undefined offset: 4 in [C:\xampp\htdocs\NewMax\app\views\visits\calendar.ctp, line 62]
2010-08-17 01:42:03 Debug: Notice (8): Undefined offset: 4 in [C:\xampp\htdocs\NewMax\app\views\visits\calendar.ctp, line 62]
2010-08-17 01:42:03 Debug: Notice (8): Undefined offset: 4 in [C:\xampp\htdocs\NewMax\app\views\visits\calendar.ctp, line 62]
2010-08-17 01:42:03 Debug: Notice (8): Undefined offset: 4 in [C:\xampp\htdocs\NewMax\app\views\visits\calendar.ctp, line 62]
2010-08-17 01:42:03 Debug: Notice (8): Undefined offset: 4 in [C:\xampp\htdocs\NewMax\app\views\visits\calendar.ctp, line 62]
2010-08-17 01:42:03 Debug: Notice (8): Undefined offset: 4 in [C:\xampp\htdocs\NewMax\app\views\visits\calendar.ctp, line 62]
2010-08-17 01:42:03 Debug: Notice (8): Undefined offset: 4 in [C:\xampp\htdocs\NewMax\app\views\visits\calendar.ctp, line 62]
2010-08-17 01:42:03 Debug: Notice (8): Undefined offset: 4 in [C:\xampp\htdocs\NewMax\app\views\visits\calendar.ctp, line 62]
2010-08-17 01:42:03 Debug: Notice (8): Undefined offset: 4 in [C:\xampp\htdocs\NewMax\app\views\visits\calendar.ctp, line 62]
2010-08-17 01:42:04 Debug: Notice (8): Undefined variable: user in [C:\xampp\htdocs\NewMax\app\views\visits\index.ctp, line 23]
2010-08-17 01:42:04 Debug: Notice (8): Undefined variable: user in [C:\xampp\htdocs\NewMax\app\views\visits\index.ctp, line 23]
2010-08-17 01:42:04 Debug: Notice (8): Undefined variable: user in [C:\xampp\htdocs\NewMax\app\views\visits\index.ctp, line 23]
2010-08-17 01:42:04 Debug: Notice (8): Undefined variable: user in [C:\xampp\htdocs\NewMax\app\views\visits\index.ctp, line 23]
2010-08-17 01:42:14 Debug: Notice (8): Undefined offset: 4 in [C:\xampp\htdocs\NewMax\app\views\visits\calendar.ctp, line 62]
2010-08-17 01:42:14 Debug: Notice (8): Undefined offset: 4 in [C:\xampp\htdocs\NewMax\app\views\visits\calendar.ctp, line 62]
2010-08-17 01:42:14 Debug: Notice (8): Undefined offset: 4 in [C:\xampp\htdocs\NewMax\app\views\visits\calendar.ctp, line 62]
2010-08-17 01:42:14 Debug: Notice (8): Undefined offset: 4 in [C:\xampp\htdocs\NewMax\app\views\visits\calendar.ctp, line 62]
2010-08-17 01:42:14 Debug: Notice (8): Undefined offset: 4 in [C:\xampp\htdocs\NewMax\app\views\visits\calendar.ctp, line 62]
2010-08-17 01:42:14 Debug: Notice (8): Undefined offset: 4 in [C:\xampp\htdocs\NewMax\app\views\visits\calendar.ctp, line 62]
2010-08-17 01:42:14 Debug: Notice (8): Undefined offset: 4 in [C:\xampp\htdocs\NewMax\app\views\visits\calendar.ctp, line 62]
2010-08-17 01:42:14 Debug: Notice (8): Undefined offset: 4 in [C:\xampp\htdocs\NewMax\app\views\visits\calendar.ctp, line 62]
2010-08-17 01:42:14 Debug: Notice (8): Undefined offset: 4 in [C:\xampp\htdocs\NewMax\app\views\visits\calendar.ctp, line 62]
2010-08-17 01:42:14 Debug: Notice (8): Undefined offset: 4 in [C:\xampp\htdocs\NewMax\app\views\visits\calendar.ctp, line 62]
2010-08-17 01:42:14 Debug: Notice (8): Undefined offset: 4 in [C:\xampp\htdocs\NewMax\app\views\visits\calendar.ctp, line 62]
2010-08-17 01:42:14 Debug: Notice (8): Undefined offset: 4 in [C:\xampp\htdocs\NewMax\app\views\visits\calendar.ctp, line 62]
